Arguments: 
  C:\Program Files\nodejs\node.exe C:\Program Files (x86)\Yarn\bin\yarn.js add tsringe

PATH: 
  C:\ProgramData\Anaconda3;C:\ProgramData\Anaconda3\Library\mingw-w64\bin;C:\ProgramData\Anaconda3\Library\usr\bin;C:\ProgramData\Anaconda3\Library\bin;C:\ProgramData\Anaconda3\Scripts;C:\Python27\;C:\Python27\Scripts;C:\Windows\system32;C:\Windows;C:\Windows\System32\Wbem;C:\Windows\System32\WindowsPowerShell\v1.0\;C:\Windows\System32\OpenSSH\;C:\ProgramData\chocolatey\bin;C:\Program Files\nodejs\;C:\Program Files\Git\cmd;C:\Program Files\Java\jdk1.8.0_211\bin;C:\Program Files (x86)\Yarn\bin\;%ANDROID_HOME%\emulator;%ANDROID_HOME%\tools;%ANDROID_HOME%\tools\bin;%ANDROID_HOME%\platform-tools;C:\Program Files\Docker\Docker\resources\bin;C:\ProgramData\DockerDesktop\version-bin;C:\Users\Guilh\AppData\Local\Programs\Python\Python39\Scripts\;C:\Users\Guilh\AppData\Local\Programs\Python\Python39\;C:\Users\Guilh\AppData\Local\Microsoft\WindowsApps;C:\Users\Guilh\AppData\Roaming\npm;C:\Users\Guilh\AppData\Local\Programs\Microsoft VS Code\bin;C:\Users\Guilh\AppData\Local\Yarn\bin;C:\Android\Sdk\emulator;C:\Android\Sdk\tools;C:\Android\Sdk\tools\bin;C:\Android\Sdk\platform-tools;C:\Program Files\JetBrains\PyCharm Community Edition 2020.3.3\bin;;C:\seleniumWebDriver;;C:\Program Files\JetBrains\PyCharm 2020.3.3\bin;

Yarn version: 
  1.22.5

Node version: 
  14.15.4

Platform: 
  win32 x64

Trace: 
  Error: https://registry.yarnpkg.com/tsringe: Not found
      at Request.params.callback [as _callback] (C:\Program Files (x86)\Yarn\lib\cli.js:66097:18)
      at Request.self.callback (C:\Program Files (x86)\Yarn\lib\cli.js:140749:22)
      at Request.emit (events.js:315:20)
      at Request.<anonymous> (C:\Program Files (x86)\Yarn\lib\cli.js:141721:10)
      at Request.emit (events.js:315:20)
      at IncomingMessage.<anonymous> (C:\Program Files (x86)\Yarn\lib\cli.js:141643:12)
      at Object.onceWrapper (events.js:421:28)
      at IncomingMessage.emit (events.js:327:22)
      at endReadableNT (internal/streams/readable.js:1327:12)
      at processTicksAndRejections (internal/process/task_queues.js:80:21)

npm manifest: 
  {
      "version": "1.0.0",
      "main": "index.js",
      "license": "MIT",
      "scripts": {
          "dev": "ts-node-dev --transpile-only --ignore-watch node_modules src/server.ts",
          "typeorm": " ts-node-dev ./node_modules/typeorm/cli"
      },
      "dependencies": {
          "@types/csv-parse": "^1.2.2",
          "@types/swagger-ui-express": "^4.1.2",
          "csv-parse": "^4.15.3",
          "express": "^4.17.1",
          "multer": "^1.4.2",
          "pg": "^8.5.1",
          "reflect-metadata": "^0.1.13",
          "swagger-ui-express": "^4.1.6",
          "typeorm": "^0.2.31",
          "typescript": "^4.2.3",
          "uuid": "^8.3.2"
      },
      "devDependencies": {
          "@types/express": "^4.17.11",
          "@types/multer": "^1.4.5",
          "@types/uuid": "^8.3.0",
          "ts-node-dev": "^1.1.6"
      }
  }

yarn manifest: 
  No manifest

Lockfile: 
  No lockfile
